[info] [CLI] Calling Query entity/actions: {
	"funcParams": {
		"clickedPath": "/home/tom/workspace/blanka/lowgular-course-entry/src/app/ui/employee-list/employee-list.component.ts"
	},
	"level": "info",
	"message": "[CLI] Calling Query entity/actions"
}
[info] [CLI] Calling Query entity/actions: {
	"funcParams": {
		"clickedPath": "/home/tom/workspace/blanka/lowgular-course-entry/src/app/ui/employee-list/employee-list.component.ts"
	},
	"level": "info",
	"message": "[CLI] Calling Query entity/actions"
}
[info] [CLI] Calling Query entity/actions: {
	"funcParams": {
		"clickedPath": "/home/tom/workspace/blanka/lowgular-course-entry/src/app/ui/employee-list/employee-list.component.ts"
	},
	"level": "info",
	"message": "[CLI] Calling Query entity/actions"
}
[info] [CLI] Calling Query entity/actions: {
	"funcParams": {
		"clickedPath": "/home/tom/workspace/blanka/lowgular-course-entry/src/app/ui/employee-list/employee-list.component.ts"
	},
	"level": "info",
	"message": "[CLI] Calling Query entity/actions"
}
[info] [CLI] Calling Query entity/actions: {
	"funcParams": {
		"clickedPath": "/home/tom/workspace/blanka/lowgular-course-entry/src/app/ui/employee-list/employee-list.component.ts"
	},
	"level": "info",
	"message": "[CLI] Calling Query entity/actions"
}
[info] [CLI] Calling Query entity/actions: {
	"funcParams": {
		"clickedPath": "/home/tom/workspace/blanka/lowgular-course-entry/src/app/ui/employee-list/employee-list.component.ts"
	},
	"level": "info",
	"message": "[CLI] Calling Query entity/actions"
}
[info] [CLI] Calling Query entity/actions: {
	"funcParams": {
		"clickedPath": "/home/tom/workspace/blanka/lowgular-course-entry/src/app/ui/employee-list/employee-list.component.ts"
	},
	"level": "info",
	"message": "[CLI] Calling Query entity/actions"
}
[info] [CLI] Calling Query entity/actions: {
	"funcParams": {
		"clickedPath": "/home/tom/workspace/blanka/lowgular-course-entry/src/app/ui/employee-list/employee-list.component.ts"
	},
	"level": "info",
	"message": "[CLI] Calling Query entity/actions"
}
[info] [CLI] Calling Query entity/actions: {
	"funcParams": {
		"clickedPath": "/home/tom/workspace/blanka/lowgular-course-entry/src/app/ui/employee-list/employee-list.component.ts"
	},
	"level": "info",
	"message": "[CLI] Calling Query entity/actions"
}
[info] [CLI] Calling Query entity/actions: {
	"funcParams": {
		"clickedPath": "/home/tom/workspace/blanka/lowgular-course-entry/src/app/ui/employee-list/employee-list.component.html"
	},
	"level": "info",
	"message": "[CLI] Calling Query entity/actions"
}
[info] [CLI] Calling Query entity/actions: {
	"funcParams": {
		"clickedPath": "/home/tom/workspace/blanka/lowgular-course-entry/src/app/ui/employee-list/employee-list.component.html"
	},
	"level": "info",
	"message": "[CLI] Calling Query entity/actions"
}
[info] [CLI] Calling Query entity/actions: {
	"funcParams": {
		"clickedPath": "/home/tom/workspace/blanka/lowgular-course-entry/src/app/ui/employee-list/employee-list.component.html"
	},
	"level": "info",
	"message": "[CLI] Calling Query entity/actions"
}
